#
# There is insufficient memory for the Java Runtime Environment to continue.
# Native memory allocation (malloc) failed to allocate 1048576 bytes. Error detail: AllocateHeap
# Possible reasons:
#   The system is out of physical RAM or swap space
#   This process is running with CompressedOops enabled, and the Java Heap may be blocking the growth of the native heap
# Possible solutions:
#   Reduce memory load on the system
#   Increase physical memory or swap space
#   Check if swap backing store is full
#   Decrease Java heap size (-Xmx/-Xms)
#   Decrease number of Java threads
#   Decrease Java thread stack sizes (-Xss)
#   Set larger code cache with -XX:ReservedCodeCacheSize=
#   JVM is running with Unscaled Compressed Oops mode in which the Java heap is
#     placed in the first 4GB address space. The Java Heap base address is the
#     maximum limit for the native heap growth. Please use -XX:HeapBaseMinAddress
#     to set the Java Heap base and to place the Java Heap above 4GB virtual address.
# This output file may be truncated or incomplete.
#
#  Out of Memory Error (allocation.cpp:44), pid=30328, tid=28024
#
# JRE version: OpenJDK Runtime Environment Temurin-21.0.8+9 (21.0.8+9) (build 21.0.8+9-LTS)
# Java VM: OpenJDK 64-Bit Server VM Temurin-21.0.8+9 (21.0.8+9-LTS, mixed mode, sharing, tiered, compressed oops, compressed class ptrs, parallel gc, windows-amd64)
# No core dump will be written. Minidumps are not enabled by default on client versions of Windows
#

---------------  S U M M A R Y ------------

Command Line: --add-modules=ALL-SYSTEM --add-opens=java.base/java.util=ALL-UNNAMED --add-opens=java.base/java.lang=ALL-UNNAMED --add-opens=java.base/sun.nio.fs=ALL-UNNAMED -Declipse.application=org.eclipse.jdt.ls.core.id1 -Dosgi.bundles.defaultStartLevel=4 -Declipse.product=org.eclipse.jdt.ls.core.product -Djava.import.generatesMetadataFilesAtProjectRoot=false -DDetectVMInstallationsJob.disabled=true -Dfile.encoding=utf8 -XX:+UseParallelGC -XX:GCTimeRatio=4 -XX:AdaptiveSizePolicyWeight=90 -Dsun.zip.disableMemoryMapping=true -Xmx2G -Xms100m -Xlog:disable -javaagent:c:\Users\MSI CYBORG\.vscode\extensions\redhat.java-1.46.0-win32-x64\lombok\lombok-1.18.39-4050.jar -XX:+HeapDumpOnOutOfMemoryError -XX:HeapDumpPath=c:\Users\MSI CYBORG\AppData\Roaming\Code\User\workspaceStorage\23c5a8be6171e99b7d2de622072fb3cc\redhat.java -Daether.dependencyCollector.impl=bf c:\Users\MSI CYBORG\.vscode\extensions\redhat.java-1.46.0-win32-x64\server\plugins\org.eclipse.equinox.launcher_1.7.0.v20250519-0528.jar -configuration c:\Users\MSI CYBORG\AppData\Roaming\Code\User\globalStorage\redhat.java\1.46.0\config_win -data c:\Users\MSI CYBORG\AppData\Roaming\Code\User\workspaceStorage\23c5a8be6171e99b7d2de622072fb3cc\redhat.java\jdt_ws --pipe=\\.\pipe\lsp-fbc51b5d0162a476f9d7145a903d30fd-sock

Host: 12th Gen Intel(R) Core(TM) i5-12450H, 12 cores, 15G,  Windows 11 , 64 bit Build 26100 (10.0.26100.6725)
Time: Fri Oct 10 08:46:24 2025 Sri Lanka Standard Time elapsed time: 266.992214 seconds (0d 0h 4m 26s)

---------------  T H R E A D  ---------------

Current thread (0x0000017e84c35710):  JavaThread "Attach Listener" daemon [_thread_in_vm, id=28024, stack(0x000000550df00000,0x000000550e000000) (1024K)]

Stack: [0x000000550df00000,0x000000550e000000]
Native frames: (J=compiled Java code, j=interpreted, Vv=VM code, C=native code)
V  [jvm.dll+0x6d2449]
V  [jvm.dll+0x8ae341]
V  [jvm.dll+0x8b08be]
V  [jvm.dll+0x8b0fa3]
V  [jvm.dll+0x280c96]
V  [jvm.dll+0xc0347]
V  [jvm.dll+0x6d2cf9]
V  [jvm.dll+0x131116]
V  [jvm.dll+0x3f2d16]
V  [jvm.dll+0x857e6b]
V  [jvm.dll+0x6d0b0d]
C  [ucrtbase.dll+0x37b0]
C  [KERNEL32.DLL+0x2e8d7]
C  [ntdll.dll+0x8c53c]


---------------  P R O C E S S  ---------------

Threads class SMR info:
_java_thread_list=0x0000017ee311aaf0, length=56, elements={
0x0000017e84b8dd50, 0x0000017e84b3db30, 0x0000017e84c32270, 0x0000017e84c34ac0,
0x0000017e84c35710, 0x0000017e84c37120, 0x0000017e84c39b80, 0x0000017e84c3d160,
0x0000017edd8cb6c0, 0x0000017edd9a25e0, 0x0000017edda58190, 0x0000017ee35b9360,
0x0000017ee35d5cd0, 0x0000017ee3639b90, 0x0000017ee3636da0, 0x0000017ee3639500,
0x0000017ee3991f40, 0x0000017ee3993980, 0x0000017ee39946a0, 0x0000017ee3992c60,
0x0000017ee3995a50, 0x0000017ee39925d0, 0x0000017ee3996e00, 0x0000017ee3997b20,
0x0000017ee39960e0, 0x0000017ee3996770, 0x0000017ee3997490, 0x0000017ee39981b0,
0x0000017ee3998840, 0x0000017ee3998ed0, 0x0000017ee62d6e00, 0x0000017ee62d8840,
0x0000017ee62d53c0, 0x0000017ee62d81b0, 0x0000017ee62d7b20, 0x0000017ee62d8ed0,
0x0000017ee62d60e0, 0x0000017ee62d9bf0, 0x0000017ee62dc350, 0x0000017ee62da280,
0x0000017ee62db630, 0x0000017ee62dc9e0, 0x0000017ee62da910, 0x0000017eddaa6170,
0x0000017eddaa6800, 0x0000017eddaa6e90, 0x0000017eddaa40a0, 0x0000017eddaa7520,
0x0000017eddaa4730, 0x0000017eddaa7bb0, 0x0000017eddaa8240, 0x0000017eddaa5450,
0x0000017eddaa8f60, 0x0000017eddaa95f0, 0x0000017eddaaa9a0, 0x0000017ee493f3b0
}

Java Threads: ( => current thread )
  0x0000017e84b8dd50 JavaThread "main"                              [_thread_blocked, id=25116, stack(0x000000550d800000,0x000000550d900000) (1024K)]
  0x0000017e84b3db30 JavaThread "Reference Handler"          daemon [_thread_blocked, id=4888, stack(0x000000550dc00000,0x000000550dd00000) (1024K)]
  0x0000017e84c32270 JavaThread "Finalizer"                  daemon [_thread_blocked, id=29176, stack(0x000000550dd00000,0x000000550de00000) (1024K)]
  0x0000017e84c34ac0 JavaThread "Signal Dispatcher"          daemon [_thread_blocked, id=18648, stack(0x000000550de00000,0x000000550df00000) (1024K)]
=>0x0000017e84c35710 JavaThread "Attach Listener"            daemon [_thread_in_vm, id=28024, stack(0x000000550df00000,0x000000550e000000) (1024K)]
  0x0000017e84c37120 JavaThread "Service Thread"             daemon [_thread_blocked, id=2936, stack(0x000000550e000000,0x000000550e100000) (1024K)]
  0x0000017e84c39b80 JavaThread "Monitor Deflation Thread"   daemon [_thread_blocked, id=7564, stack(0x000000550e100000,0x000000550e200000) (1024K)]
  0x0000017e84c3d160 JavaThread "C2 CompilerThread0"         daemon [_thread_blocked, id=33200, stack(0x000000550e200000,0x000000550e300000) (1024K)]
  0x0000017edd8cb6c0 JavaThread "C1 CompilerThread0"         daemon [_thread_blocked, id=10136, stack(0x000000550e300000,0x000000550e400000) (1024K)]
  0x0000017edd9a25e0 JavaThread "Common-Cleaner"             daemon [_thread_blocked, id=24392, stack(0x000000550e400000,0x000000550e500000) (1024K)]
  0x0000017edda58190 JavaThread "Notification Thread"        daemon [_thread_blocked, id=18984, stack(0x000000550e500000,0x000000550e600000) (1024K)]
  0x0000017ee35b9360 JavaThread "Active Thread: Equinox Container: 512bd1e0-806f-4b7d-951e-1fc009defe2f"        [_thread_blocked, id=24504, stack(0x000000550f300000,0x000000550f400000) (1024K)]
  0x0000017ee35d5cd0 JavaThread "Framework Event Dispatcher: Equinox Container: 512bd1e0-806f-4b7d-951e-1fc009defe2f" daemon [_thread_blocked, id=35272, stack(0x000000550f400000,0x000000550f500000) (1024K)]
  0x0000017ee3639b90 JavaThread "Start Level: Equinox Container: 512bd1e0-806f-4b7d-951e-1fc009defe2f" daemon [_thread_blocked, id=35288, stack(0x000000550f600000,0x000000550f700000) (1024K)]
  0x0000017ee3636da0 JavaThread "Refresh Thread: Equinox Container: 512bd1e0-806f-4b7d-951e-1fc009defe2f" daemon [_thread_blocked, id=35604, stack(0x000000550f700000,0x000000550f800000) (1024K)]
  0x0000017ee3639500 JavaThread "Bundle File Closer"         daemon [_thread_blocked, id=7768, stack(0x0000005510100000,0x0000005510200000) (1024K)]
  0x0000017ee3991f40 JavaThread "SCR Component Actor"        daemon [_thread_blocked, id=35680, stack(0x000000550e600000,0x000000550e700000) (1024K)]
  0x0000017ee3993980 JavaThread "Worker-JM"                         [_thread_blocked, id=35692, stack(0x000000550fe00000,0x000000550ff00000) (1024K)]
  0x0000017ee39946a0 JavaThread "Java indexing"              daemon [_thread_blocked, id=35804, stack(0x0000005510500000,0x0000005510600000) (1024K)]
  0x0000017ee3992c60 JavaThread "JNA Cleaner"                daemon [_thread_blocked, id=35796, stack(0x0000005510600000,0x0000005510700000) (1024K)]
  0x0000017ee3995a50 JavaThread "Thread-1"                   daemon [_thread_in_native, id=35460, stack(0x0000005510c00000,0x0000005510d00000) (1024K)]
  0x0000017ee39925d0 JavaThread "Thread-2"                   daemon [_thread_in_native, id=35452, stack(0x0000005510d00000,0x0000005510e00000) (1024K)]
  0x0000017ee3996e00 JavaThread "Thread-3"                   daemon [_thread_in_native, id=35504, stack(0x0000005510e00000,0x0000005510f00000) (1024K)]
  0x0000017ee3997b20 JavaThread "Thread-4"                   daemon [_thread_in_native, id=35508, stack(0x0000005510f00000,0x0000005511000000) (1024K)]
  0x0000017ee39960e0 JavaThread "Thread-5"                   daemon [_thread_in_native, id=35512, stack(0x0000005511000000,0x0000005511100000) (1024K)]
  0x0000017ee3996770 JavaThread "Thread-6"                   daemon [_thread_in_native, id=35464, stack(0x0000005511100000,0x0000005511200000) (1024K)]
  0x0000017ee3997490 JavaThread "Thread-7"                   daemon [_thread_in_native, id=35384, stack(0x0000005511200000,0x0000005511300000) (1024K)]
  0x0000017ee39981b0 JavaThread "Thread-8"                   daemon [_thread_in_native, id=32488, stack(0x0000005511300000,0x0000005511400000) (1024K)]
  0x0000017ee3998840 JavaThread "Thread-9"                   daemon [_thread_in_native, id=7568, stack(0x0000005511400000,0x0000005511500000) (1024K)]
  0x0000017ee3998ed0 JavaThread "Thread-10"                  daemon [_thread_in_native, id=25680, stack(0x0000005511500000,0x0000005511600000) (1024K)]
  0x0000017ee62d6e00 JavaThread "Thread-11"                  daemon [_thread_in_native, id=31372, stack(0x0000005511600000,0x0000005511700000) (1024K)]
  0x0000017ee62d8840 JavaThread "Thread-12"                  daemon [_thread_in_native, id=22160, stack(0x0000005511700000,0x0000005511800000) (1024K)]
  0x0000017ee62d53c0 JavaThread "Thread-13"                  daemon [_thread_blocked, id=12572, stack(0x0000005511800000,0x0000005511900000) (1024K)]
  0x0000017ee62d81b0 JavaThread "pool-2-thread-1"                   [_thread_blocked, id=24520, stack(0x0000005511a00000,0x0000005511b00000) (1024K)]
  0x0000017ee62d7b20 JavaThread "WorkspaceEventsHandler"            [_thread_blocked, id=14252, stack(0x0000005511c00000,0x0000005511d00000) (1024K)]
  0x0000017ee62d8ed0 JavaThread "pool-1-thread-1"                   [_thread_blocked, id=12320, stack(0x0000005511d00000,0x0000005511e00000) (1024K)]
  0x0000017ee62d60e0 JavaThread "Compiler Source File Reader" daemon [_thread_blocked, id=14176, stack(0x0000005511f00000,0x0000005512000000) (1024K)]
  0x0000017ee62d9bf0 JavaThread "Compiler Source File Reader" daemon [_thread_blocked, id=14172, stack(0x0000005512000000,0x0000005512100000) (1024K)]
  0x0000017ee62dc350 JavaThread "Compiler Class File Writer" daemon [_thread_blocked, id=14160, stack(0x0000005512200000,0x0000005512300000) (1024K)]
  0x0000017ee62da280 JavaThread "ForkJoinPool.commonPool-worker-1" daemon [_thread_blocked, id=14312, stack(0x0000005512300000,0x0000005512400000) (1024K)]
  0x0000017ee62db630 JavaThread "ForkJoinPool.commonPool-worker-2" daemon [_thread_blocked, id=14280, stack(0x0000005512400000,0x0000005512500000) (1024K)]
  0x0000017ee62dc9e0 JavaThread "ForkJoinPool.commonPool-worker-3" daemon [_thread_blocked, id=14204, stack(0x0000005512500000,0x0000005512600000) (1024K)]
  0x0000017ee62da910 JavaThread "ForkJoinPool.commonPool-worker-4" daemon [_thread_blocked, id=14216, stack(0x0000005512600000,0x0000005512700000) (1024K)]
  0x0000017eddaa6170 JavaThread "ForkJoinPool.commonPool-worker-5" daemon [_thread_blocked, id=35096, stack(0x0000005511900000,0x0000005511a00000) (1024K)]
  0x0000017eddaa6800 JavaThread "ForkJoinPool.commonPool-worker-6" daemon [_thread_blocked, id=35304, stack(0x0000005512700000,0x0000005512800000) (1024K)]
  0x0000017eddaa6e90 JavaThread "ForkJoinPool.commonPool-worker-7" daemon [_thread_blocked, id=26552, stack(0x0000005512800000,0x0000005512900000) (1024K)]
  0x0000017eddaa40a0 JavaThread "ForkJoinPool.commonPool-worker-8" daemon [_thread_blocked, id=29920, stack(0x0000005512900000,0x0000005512a00000) (1024K)]
  0x0000017eddaa7520 JavaThread "ForkJoinPool.commonPool-worker-9" daemon [_thread_blocked, id=10260, stack(0x0000005512a00000,0x0000005512b00000) (1024K)]
  0x0000017eddaa4730 JavaThread "ForkJoinPool.commonPool-worker-11" daemon [_thread_blocked, id=28124, stack(0x0000005512c00000,0x0000005512d00000) (1024K)]
  0x0000017eddaa7bb0 JavaThread "Worker-7: Validate documents"        [_thread_blocked, id=35584, stack(0x000000550d600000,0x000000550d700000) (1024K)]
  0x0000017eddaa8240 JavaThread "Compiler Source File Reader" daemon [_thread_blocked, id=25368, stack(0x000000550d700000,0x000000550d800000) (1024K)]
  0x0000017eddaa5450 JavaThread "Compiler Source File Reader" daemon [_thread_blocked, id=29204, stack(0x000000550ee00000,0x000000550ef00000) (1024K)]
  0x0000017eddaa8f60 JavaThread "Worker-8"                          [_thread_blocked, id=31968, stack(0x000000550ef00000,0x000000550f000000) (1024K)]
  0x0000017eddaa95f0 JavaThread "Cleaner-0"                  daemon [_thread_blocked, id=5512, stack(0x000000550d500000,0x000000550d600000) (1024K)]
  0x0000017eddaaa9a0 JavaThread "Worker-9"                          [_thread_blocked, id=2088, stack(0x000000550ed00000,0x000000550ee00000) (1024K)]
  0x0000017ee493f3b0 JavaThread "C2 CompilerThread1"         daemon [_thread_blocked, id=24420, stack(0x000000550f000000,0x000000550f100000) (1024K)]
Total: 56

Other Threads:
  0x0000017e84c2fab0 VMThread "VM Thread"                           [id=28884, stack(0x000000550db00000,0x000000550dc00000) (1024K)] _threads_hazard_ptr=0x0000017ee311aaf0
  0x0000017e84a1ca00 WatcherThread "VM Periodic Task Thread"        [id=22268, stack(0x000000550da00000,0x000000550db00000) (1024K)]
  0x0000017e84bac320 WorkerThread "GC Thread#0"                     [id=8120, stack(0x000000550d900000,0x000000550da00000) (1024K)]
  0x0000017ee34d2680 WorkerThread "GC Thread#1"                     [id=35104, stack(0x000000550e700000,0x000000550e800000) (1024K)]
  0x0000017ee34d2a20 WorkerThread "GC Thread#2"                     [id=35112, stack(0x000000550e800000,0x000000550e900000) (1024K)]
  0x0000017ee3331140 WorkerThread "GC Thread#3"                     [id=35116, stack(0x000000550e900000,0x000000550ea00000) (1024K)]
  0x0000017ee33314e0 WorkerThread "GC Thread#4"                     [id=35120, stack(0x000000550ea00000,0x000000550eb00000) (1024K)]
  0x0000017ee3331880 WorkerThread "GC Thread#5"                     [id=35124, stack(0x000000550eb00000,0x000000550ec00000) (1024K)]
  0x0000017ee313c610 WorkerThread "GC Thread#6"                     [id=35128, stack(0x000000550ec00000,0x000000550ed00000) (1024K)]
  0x0000017ee35d7840 WorkerThread "GC Thread#7"                     [id=35276, stack(0x000000550f500000,0x000000550f600000) (1024K)]
  0x0000017ee37e5980 WorkerThread "GC Thread#8"                     [id=27804, stack(0x000000550ff00000,0x0000005510000000) (1024K)]
  0x0000017ee37e4b00 WorkerThread "GC Thread#9"                     [id=28044, stack(0x0000005510000000,0x0000005510100000) (1024K)]
Total: 12

Threads with active compile tasks:
C2 CompilerThread0  267010 12572       4       org.eclipse.jdt.internal.compiler.lookup.SplitPackageBinding::combineAll (202 bytes)
C1 CompilerThread0  267010 12599   !   3       org.eclipse.lsp4j.jsonrpc.services.EndpointProxy::invoke (208 bytes)
C2 CompilerThread1  267010 12588   !   4       org.eclipse.jdt.internal.compiler.lookup.BinaryTypeBinding::createMethods (411 bytes)
Total: 3

VM state: synchronizing (normal execution)

VM Mutex/Monitor currently owned by a thread:  ([mutex/lock_event])
[0x00007ffe43ea5458] Threads_lock - owner thread: 0x0000017e84c2fab0

Heap address: 0x0000000080000000, size: 2048 MB, Compressed Oops mode: 32-bit

CDS archive(s) mapped at: [0x0000017e9c000000-0x0000017e9cba0000-0x0000017e9cba0000), size 12189696, SharedBaseAddress: 0x0000017e9c000000, ArchiveRelocationMode: 1.
Compressed class space mapped at: 0x0000017e9d000000-0x0000017edd000000, reserved size: 1073741824
Narrow klass base: 0x0000017e9c000000, Narrow klass shift: 0, Narrow klass range: 0x100000000

GC Precious Log:
 CardTable entry size: 512
 CPUs: 12 total, 12 available
 Memory: 16087M
 Large Page Support: Disabled
 NUMA Support: Disabled
 Compressed Oops: Enabled (32-bit)
 Alignments: Space 512K, Generation 512K, Heap 2M
 Heap Min Capacity: 100M
 Heap Initial Capacity: 100M
 Heap Max Capacity: 2G
 Pre-touch: Disabled
 Parallel Workers: 10

Heap:
 PSYoungGen      total 4608K, used 917K [0x00000000d5580000, 0x00000000d5a80000, 0x0000000100000000)
  eden space 3584K, 16% used [0x00000000d5580000,0x00000000d5615430,0x00000000d5900000)
  from space 1024K, 31% used [0x00000000d5980000,0x00000000d59d0000,0x00000000d5a80000)
  to   space 512K, 0% used [0x00000000d5900000,0x00000000d5900000,0x00000000d5980000)
 ParOldGen       total 582144K, used 581736K [0x0000000080000000, 0x00000000a3880000, 0x00000000d5580000)
  object space 582144K, 99% used [0x0000000080000000,0x00000000a381a360,0x00000000a3880000)
 Metaspace       used 72850K, committed 74432K, reserved 1179648K
  class space    used 7795K, committed 8512K, reserved 1048576K

Card table byte_map: [0x0000017e84530000,0x0000017e84940000] _byte_map_base: 0x0000017e84130000

Marking Bits: (ParMarkBitMap*) 0x00007ffe43eaa340
 Begin Bits: [0x0000017e97030000, 0x0000017e99030000)
 End Bits:   [0x0000017e99030000, 0x0000017e9b030000)

Polling page: 0x0000017e82940000

Metaspace:

Usage:
  Non-class:     63.53 MB used.
      Class:      7.61 MB used.
       Both:     71.14 MB used.

Virtual space:
  Non-class space:      128.00 MB reserved,      64.38 MB ( 50%) committed,  2 nodes.
      Class space:        1.00 GB reserved,       8.31 MB ( <1%) committed,  1 nodes.
             Both:        1.12 GB reserved,      72.69 MB (  6%) committed. 

Chunk freelists:
   Non-Class:  15.58 MB
       Class:  7.65 MB
        Both:  23.22 MB

MaxMetaspaceSize: unlimited
CompressedClassSpaceSize: 1.00 GB
Initial GC threshold: 21.00 MB
Current GC threshold: 97.31 MB
CDS: on
 - commit_granule_bytes: 65536.
 - commit_granule_words: 8192.
 - virtual_space_node_default_size: 8388608.
 - enlarge_chunks_in_place: 1.
 - use_allocation_guard: 0.


Internal statistics:

num_allocs_failed_limit: 9.
num_arena_births: 1292.
num_arena_deaths: 14.
num_vsnodes_births: 3.
num_vsnodes_deaths: 0.
num_space_committed: 1163.
num_space_uncommitted: 0.
num_chunks_returned_to_freelist: 23.
num_chunks_taken_from_freelist: 4633.
num_chunk_merges: 13.
num_chunk_splits: 2839.
num_chunks_enlarged: 1617.
num_inconsistent_stats: 0.

CodeHeap 'non-profiled nmethods': size=120000Kb used=10200Kb max_used=10200Kb free=109799Kb
 bounds [0x0000017e8f850000, 0x0000017e90250000, 0x0000017e96d80000]
CodeHeap 'profiled nmethods': size=120000Kb used=27352Kb max_used=27352Kb free=92647Kb
 bounds [0x0000017e87d80000, 0x0000017e89840000, 0x0000017e8f2b0000]
CodeHeap 'non-nmethods': size=5760Kb used=1487Kb max_used=1574Kb free=4273Kb
 bounds [0x0000017e8f2b0000, 0x0000017e8f520000, 0x0000017e8f850000]
CodeCache: size=245760Kb, used=39039Kb, max_used=39126Kb, free=206719Kb
 total_blobs=12563, nmethods=11759, adapters=707, full_count=0
Compilation: enabled, stopped_count=0, restarted_count=0

Compilation events (20 events):
Event: 264.009 Thread 0x0000017ee493f3b0 12588   !   4       org.eclipse.jdt.internal.compiler.lookup.BinaryTypeBinding::createMethods (411 bytes)
Event: 264.009 Thread 0x0000017edd8cb6c0 12590       3       org.eclipse.jdt.internal.compiler.lookup.VariableBinding::isFinal (14 bytes)
Event: 264.009 Thread 0x0000017edd8cb6c0 nmethod 12590 0x0000017e8982ff10 code [0x0000017e898300c0, 0x0000017e89830238]
Event: 264.009 Thread 0x0000017edd8cb6c0 12589       3       org.eclipse.jdt.internal.compiler.lookup.FieldBinding::original (2 bytes)
Event: 264.009 Thread 0x0000017edd8cb6c0 nmethod 12589 0x0000017e89830310 code [0x0000017e898304a0, 0x0000017e898305b0]
Event: 264.010 Thread 0x0000017edd8cb6c0 12591  s    3       java.util.Vector::removeAllElements (43 bytes)
Event: 264.010 Thread 0x0000017edd8cb6c0 nmethod 12591 0x0000017e89830690 code [0x0000017e89830860, 0x0000017e89830c58]
Event: 264.012 Thread 0x0000017edd8cb6c0 12592       3       org.eclipse.jdt.internal.compiler.lookup.ReferenceBinding::sortMethods (10 bytes)
Event: 264.012 Thread 0x0000017edd8cb6c0 nmethod 12592 0x0000017e89830d90 code [0x0000017e89830f40, 0x0000017e89831060]
Event: 264.012 Thread 0x0000017edd8cb6c0 12593       3       org.eclipse.jdt.internal.compiler.flow.FlowContext::<init> (83 bytes)
Event: 264.012 Thread 0x0000017edd8cb6c0 nmethod 12593 0x0000017e89831110 code [0x0000017e898312c0, 0x0000017e89831610]
Event: 264.012 Thread 0x0000017edd8cb6c0 12594       3       org.eclipse.jdt.internal.compiler.flow.ExceptionHandlingFlowContext::<init> (18 bytes)
Event: 264.012 Thread 0x0000017edd8cb6c0 nmethod 12594 0x0000017e89831710 code [0x0000017e898318c0, 0x0000017e89831a28]
Event: 264.012 Thread 0x0000017edd8cb6c0 12595       3       org.eclipse.jdt.internal.compiler.util.HashtableOfObject::<init> (7 bytes)
Event: 264.012 Thread 0x0000017edd8cb6c0 nmethod 12595 0x0000017e89831b10 code [0x0000017e89831cc0, 0x0000017e89831e00]
Event: 265.021 Thread 0x0000017edd8cb6c0 12597   !   3       org.eclipse.lsp4j.jsonrpc.json.adapters.MessageTypeAdapter::read (482 bytes)
Event: 265.022 Thread 0x0000017edd8cb6c0 nmethod 12597 0x0000017e89831e90 code [0x0000017e89832380, 0x0000017e89834f10]
Event: 265.022 Thread 0x0000017edd8cb6c0 12598       3       java.util.HashMap$KeySpliterator::characteristics (30 bytes)
Event: 265.022 Thread 0x0000017edd8cb6c0 nmethod 12598 0x0000017e89835d10 code [0x0000017e89835ec0, 0x0000017e89836060]
Event: 266.989 Thread 0x0000017edd8cb6c0 12599   !   3       org.eclipse.lsp4j.jsonrpc.services.EndpointProxy::invoke (208 bytes)

GC Heap History (20 events):
Event: 262.899 GC heap before
{Heap before GC invocations=470 (full 3):
 PSYoungGen      total 2048K, used 2022K [0x00000000d5580000, 0x00000000d5e80000, 0x0000000100000000)
  eden space 1536K, 100% used [0x00000000d5580000,0x00000000d5700000,0x00000000d5700000)
  from space 512K, 95% used [0x00000000d5a00000,0x00000000d5a79b28,0x00000000d5a80000)
  to   space 3072K, 0% used [0x00000000d5700000,0x00000000d5700000,0x00000000d5a00000)
 ParOldGen       total 573952K, used 573831K [0x0000000080000000, 0x00000000a3080000, 0x00000000d5580000)
  object space 573952K, 99% used [0x0000000080000000,0x00000000a3061dc8,0x00000000a3080000)
 Metaspace       used 72779K, committed 74368K, reserved 1179648K
  class space    used 7790K, committed 8512K, reserved 1048576K
}
Event: 262.900 GC heap after
{Heap after GC invocations=470 (full 3):
 PSYoungGen      total 3584K, used 1664K [0x00000000d5580000, 0x00000000d5b00000, 0x0000000100000000)
  eden space 1536K, 0% used [0x00000000d5580000,0x00000000d5580000,0x00000000d5700000)
  from space 2048K, 81% used [0x00000000d5700000,0x00000000d58a0000,0x00000000d5900000)
  to   space 2048K, 0% used [0x00000000d5900000,0x00000000d5900000,0x00000000d5b00000)
 ParOldGen       total 574464K, used 574355K [0x0000000080000000, 0x00000000a3100000, 0x00000000d5580000)
  object space 574464K, 99% used [0x0000000080000000,0x00000000a30e4d70,0x00000000a3100000)
 Metaspace       used 72779K, committed 74368K, reserved 1179648K
  class space    used 7790K, committed 8512K, reserved 1048576K
}
Event: 262.902 GC heap before
{Heap before GC invocations=471 (full 3):
 PSYoungGen      total 3584K, used 3200K [0x00000000d5580000, 0x00000000d5b00000, 0x0000000100000000)
  eden space 1536K, 100% used [0x00000000d5580000,0x00000000d5700000,0x00000000d5700000)
  from space 2048K, 81% used [0x00000000d5700000,0x00000000d58a0000,0x00000000d5900000)
  to   space 2048K, 0% used [0x00000000d5900000,0x00000000d5900000,0x00000000d5b00000)
 ParOldGen       total 574464K, used 574355K [0x0000000080000000, 0x00000000a3100000, 0x00000000d5580000)
  object space 574464K, 99% used [0x0000000080000000,0x00000000a30e4d70,0x00000000a3100000)
 Metaspace       used 72779K, committed 74368K, reserved 1179648K
  class space    used 7790K, committed 8512K, reserved 1048576K
}
Event: 262.904 GC heap after
{Heap after GC invocations=471 (full 3):
 PSYoungGen      total 3584K, used 736K [0x00000000d5580000, 0x00000000d5a80000, 0x0000000100000000)
  eden space 2048K, 0% used [0x00000000d5580000,0x00000000d5580000,0x00000000d5780000)
  from space 1536K, 47% used [0x00000000d5900000,0x00000000d59b8000,0x00000000d5a80000)
  to   space 1536K, 0% used [0x00000000d5780000,0x00000000d5780000,0x00000000d5900000)
 ParOldGen       total 576000K, used 575859K [0x0000000080000000, 0x00000000a3280000, 0x00000000d5580000)
  object space 576000K, 99% used [0x0000000080000000,0x00000000a325cd70,0x00000000a3280000)
 Metaspace       used 72779K, committed 74368K, reserved 1179648K
  class space    used 7790K, committed 8512K, reserved 1048576K
}
Event: 262.911 GC heap before
{Heap before GC invocations=472 (full 3):
 PSYoungGen      total 3584K, used 2783K [0x00000000d5580000, 0x00000000d5a80000, 0x0000000100000000)
  eden space 2048K, 99% used [0x00000000d5580000,0x00000000d577fff8,0x00000000d5780000)
  from space 1536K, 47% used [0x00000000d5900000,0x00000000d59b8000,0x00000000d5a80000)
  to   space 1536K, 0% used [0x00000000d5780000,0x00000000d5780000,0x00000000d5900000)
 ParOldGen       total 576000K, used 575859K [0x0000000080000000, 0x00000000a3280000, 0x00000000d5580000)
  object space 576000K, 99% used [0x0000000080000000,0x00000000a325cd70,0x00000000a3280000)
 Metaspace       used 72789K, committed 74368K, reserved 1179648K
  class space    used 7790K, committed 8512K, reserved 1048576K
}
Event: 262.912 GC heap after
{Heap after GC invocations=472 (full 3):
 PSYoungGen      total 2560K, used 352K [0x00000000d5580000, 0x00000000d5980000, 0x0000000100000000)
  eden space 2048K, 0% used [0x00000000d5580000,0x00000000d5580000,0x00000000d5780000)
  from space 512K, 68% used [0x00000000d5780000,0x00000000d57d8000,0x00000000d5800000)
  to   space 1024K, 0% used [0x00000000d5880000,0x00000000d5880000,0x00000000d5980000)
 ParOldGen       total 576512K, used 576448K [0x0000000080000000, 0x00000000a3300000, 0x00000000d5580000)
  object space 576512K, 99% used [0x0000000080000000,0x00000000a32f00c8,0x00000000a3300000)
 Metaspace       used 72789K, committed 74368K, reserved 1179648K
  class space    used 7790K, committed 8512K, reserved 1048576K
}
Event: 263.303 GC heap before
{Heap before GC invocations=473 (full 3):
 PSYoungGen      total 2560K, used 2400K [0x00000000d5580000, 0x00000000d5980000, 0x0000000100000000)
  eden space 2048K, 100% used [0x00000000d5580000,0x00000000d5780000,0x00000000d5780000)
  from space 512K, 68% used [0x00000000d5780000,0x00000000d57d8000,0x00000000d5800000)
  to   space 1024K, 0% used [0x00000000d5880000,0x00000000d5880000,0x00000000d5980000)
 ParOldGen       total 576512K, used 576448K [0x0000000080000000, 0x00000000a3300000, 0x00000000d5580000)
  object space 576512K, 99% used [0x0000000080000000,0x00000000a32f00c8,0x00000000a3300000)
 Metaspace       used 72791K, committed 74368K, reserved 1179648K
  class space    used 7790K, committed 8512K, reserved 1048576K
}
Event: 263.304 GC heap after
{Heap after GC invocations=473 (full 3):
 PSYoungGen      total 2560K, used 1005K [0x00000000d5580000, 0x00000000d5a80000, 0x0000000100000000)
  eden space 1536K, 0% used [0x00000000d5580000,0x00000000d5580000,0x00000000d5700000)
  from space 1024K, 98% used [0x00000000d5880000,0x00000000d597b650,0x00000000d5980000)
  to   space 1536K, 0% used [0x00000000d5700000,0x00000000d5700000,0x00000000d5880000)
 ParOldGen       total 577024K, used 576669K [0x0000000080000000, 0x00000000a3380000, 0x00000000d5580000)
  object space 577024K, 99% used [0x0000000080000000,0x00000000a33275c8,0x00000000a3380000)
 Metaspace       used 72791K, committed 74368K, reserved 1179648K
  class space    used 7790K, committed 8512K, reserved 1048576K
}
Event: 263.306 GC heap before
{Heap before GC invocations=474 (full 3):
 PSYoungGen      total 2560K, used 2541K [0x00000000d5580000, 0x00000000d5a80000, 0x0000000100000000)
  eden space 1536K, 100% used [0x00000000d5580000,0x00000000d5700000,0x00000000d5700000)
  from space 1024K, 98% used [0x00000000d5880000,0x00000000d597b650,0x00000000d5980000)
  to   space 1536K, 0% used [0x00000000d5700000,0x00000000d5700000,0x00000000d5880000)
 ParOldGen       total 577024K, used 576669K [0x0000000080000000, 0x00000000a3380000, 0x00000000d5580000)
  object space 577024K, 99% used [0x0000000080000000,0x00000000a33275c8,0x00000000a3380000)
 Metaspace       used 72791K, committed 74368K, reserved 1179648K
  class space    used 7790K, committed 8512K, reserved 1048576K
}
Event: 263.307 GC heap after
{Heap after GC invocations=474 (full 3):
 PSYoungGen      total 3072K, used 1536K [0x00000000d5580000, 0x00000000d5d80000, 0x0000000100000000)
  eden space 1536K, 0% used [0x00000000d5580000,0x00000000d5580000,0x00000000d5700000)
  from space 1536K, 100% used [0x00000000d5700000,0x00000000d5880000,0x00000000d5880000)
  to   space 3072K, 0% used [0x00000000d5a80000,0x00000000d5a80000,0x00000000d5d80000)
 ParOldGen       total 578048K, used 577729K [0x0000000080000000, 0x00000000a3480000, 0x00000000d5580000)
  object space 578048K, 99% used [0x0000000080000000,0x00000000a3430658,0x00000000a3480000)
 Metaspace       used 72791K, committed 74368K, reserved 1179648K
  class space    used 7790K, committed 8512K, reserved 1048576K
}
Event: 263.309 GC heap before
{Heap before GC invocations=475 (full 3):
 PSYoungGen      total 3072K, used 3062K [0x00000000d5580000, 0x00000000d5d80000, 0x0000000100000000)
  eden space 1536K, 99% used [0x00000000d5580000,0x00000000d56fd868,0x00000000d5700000)
  from space 1536K, 100% used [0x00000000d5700000,0x00000000d5880000,0x00000000d5880000)
  to   space 3072K, 0% used [0x00000000d5a80000,0x00000000d5a80000,0x00000000d5d80000)
 ParOldGen       total 578048K, used 577729K [0x0000000080000000, 0x00000000a3480000, 0x00000000d5580000)
  object space 578048K, 99% used [0x0000000080000000,0x00000000a3430658,0x00000000a3480000)
 Metaspace       used 72791K, committed 74368K, reserved 1179648K
  class space    used 7790K, committed 8512K, reserved 1048576K
}
Event: 263.311 GC heap after
{Heap after GC invocations=475 (full 3):
 PSYoungGen      total 4096K, used 1632K [0x00000000d5580000, 0x00000000d5c80000, 0x0000000100000000)
  eden space 2048K, 0% used [0x00000000d5580000,0x00000000d5580000,0x00000000d5780000)
  from space 2048K, 79% used [0x00000000d5a80000,0x00000000d5c18000,0x00000000d5c80000)
  to   space 2048K, 0% used [0x00000000d5880000,0x00000000d5880000,0x00000000d5a80000)
 ParOldGen       total 579584K, used 579233K [0x0000000080000000, 0x00000000a3600000, 0x00000000d5580000)
  object space 579584K, 99% used [0x0000000080000000,0x00000000a35a8658,0x00000000a3600000)
 Metaspace       used 72791K, committed 74368K, reserved 1179648K
  class space    used 7790K, committed 8512K, reserved 1048576K
}
Event: 263.317 GC heap before
{Heap before GC invocations=476 (full 3):
 PSYoungGen      total 4096K, used 3680K [0x00000000d5580000, 0x00000000d5c80000, 0x0000000100000000)
  eden space 2048K, 100% used [0x00000000d5580000,0x00000000d5780000,0x00000000d5780000)
  from space 2048K, 79% used [0x00000000d5a80000,0x00000000d5c18000,0x00000000d5c80000)
  to   space 2048K, 0% used [0x00000000d5880000,0x00000000d5880000,0x00000000d5a80000)
 ParOldGen       total 579584K, used 579233K [0x0000000080000000, 0x00000000a3600000, 0x00000000d5580000)
  object space 579584K, 99% used [0x0000000080000000,0x00000000a35a8658,0x00000000a3600000)
 Metaspace       used 72793K, committed 74368K, reserved 1179648K
  class space    used 7790K, committed 8512K, reserved 1048576K
}
Event: 263.318 GC heap after
{Heap after GC invocations=476 (full 3):
 PSYoungGen      total 3584K, used 576K [0x00000000d5580000, 0x00000000d5b00000, 0x0000000100000000)
  eden space 2560K, 0% used [0x00000000d5580000,0x00000000d5580000,0x00000000d5800000)
  from space 1024K, 56% used [0x00000000d5880000,0x00000000d5910000,0x00000000d5980000)
  to   space 1024K, 0% used [0x00000000d5a00000,0x00000000d5a00000,0x00000000d5b00000)
 ParOldGen       total 581120K, used 580689K [0x0000000080000000, 0x00000000a3780000, 0x00000000d5580000)
  object space 581120K, 99% used [0x0000000080000000,0x00000000a3714658,0x00000000a3780000)
 Metaspace       used 72793K, committed 74368K, reserved 1179648K
  class space    used 7790K, committed 8512K, reserved 1048576K
}
Event: 263.947 GC heap before
{Heap before GC invocations=477 (full 3):
 PSYoungGen      total 3584K, used 3136K [0x00000000d5580000, 0x00000000d5b00000, 0x0000000100000000)
  eden space 2560K, 100% used [0x00000000d5580000,0x00000000d5800000,0x00000000d5800000)
  from space 1024K, 56% used [0x00000000d5880000,0x00000000d5910000,0x00000000d5980000)
  to   space 1024K, 0% used [0x00000000d5a00000,0x00000000d5a00000,0x00000000d5b00000)
 ParOldGen       total 581120K, used 580689K [0x0000000080000000, 0x00000000a3780000, 0x00000000d5580000)
  object space 581120K, 99% used [0x0000000080000000,0x00000000a3714658,0x00000000a3780000)
 Metaspace       used 72827K, committed 74432K, reserved 1179648K
  class space    used 7795K, committed 8512K, reserved 1048576K
}
Event: 263.948 GC heap after
{Heap after GC invocations=477 (full 3):
 PSYoungGen      total 3584K, used 448K [0x00000000d5580000, 0x00000000d5a80000, 0x0000000100000000)
  eden space 3072K, 0% used [0x00000000d5580000,0x00000000d5580000,0x00000000d5880000)
  from space 512K, 87% used [0x00000000d5a00000,0x00000000d5a70020,0x00000000d5a80000)
  to   space 1024K, 0% used [0x00000000d5880000,0x00000000d5880000,0x00000000d5980000)
 ParOldGen       total 581632K, used 581123K [0x0000000080000000, 0x00000000a3800000, 0x00000000d5580000)
  object space 581632K, 99% used [0x0000000080000000,0x00000000a3780eb0,0x00000000a3800000)
 Metaspace       used 72827K, committed 74432K, reserved 1179648K
  class space    used 7795K, committed 8512K, reserved 1048576K
}
Event: 263.955 GC heap before
{Heap before GC invocations=478 (full 3):
 PSYoungGen      total 3584K, used 3520K [0x00000000d5580000, 0x00000000d5a80000, 0x0000000100000000)
  eden space 3072K, 100% used [0x00000000d5580000,0x00000000d5880000,0x00000000d5880000)
  from space 512K, 87% used [0x00000000d5a00000,0x00000000d5a70020,0x00000000d5a80000)
  to   space 1024K, 0% used [0x00000000d5880000,0x00000000d5880000,0x00000000d5980000)
 ParOldGen       total 581632K, used 581123K [0x0000000080000000, 0x00000000a3800000, 0x00000000d5580000)
  object space 581632K, 99% used [0x0000000080000000,0x00000000a3780eb0,0x00000000a3800000)
 Metaspace       used 72830K, committed 74432K, reserved 1179648K
  class space    used 7795K, committed 8512K, reserved 1048576K
}
Event: 263.956 GC heap after
{Heap after GC invocations=478 (full 3):
 PSYoungGen      total 4096K, used 560K [0x00000000d5580000, 0x00000000d5a80000, 0x0000000100000000)
  eden space 3072K, 0% used [0x00000000d5580000,0x00000000d5580000,0x00000000d5880000)
  from space 1024K, 54% used [0x00000000d5880000,0x00000000d590c010,0x00000000d5980000)
  to   space 1024K, 0% used [0x00000000d5980000,0x00000000d5980000,0x00000000d5a80000)
 ParOldGen       total 581632K, used 581320K [0x0000000080000000, 0x00000000a3800000, 0x00000000d5580000)
  object space 581632K, 99% used [0x0000000080000000,0x00000000a37b2350,0x00000000a3800000)
 Metaspace       used 72830K, committed 74432K, reserved 1179648K
  class space    used 7795K, committed 8512K, reserved 1048576K
}
Event: 264.018 GC heap before
{Heap before GC invocations=479 (full 3):
 PSYoungGen      total 4096K, used 3628K [0x00000000d5580000, 0x00000000d5a80000, 0x0000000100000000)
  eden space 3072K, 99% used [0x00000000d5580000,0x00000000d587f278,0x00000000d5880000)
  from space 1024K, 54% used [0x00000000d5880000,0x00000000d590c010,0x00000000d5980000)
  to   space 1024K, 0% used [0x00000000d5980000,0x00000000d5980000,0x00000000d5a80000)
 ParOldGen       total 581632K, used 581320K [0x0000000080000000, 0x00000000a3800000, 0x00000000d5580000)
  object space 581632K, 99% used [0x0000000080000000,0x00000000a37b2350,0x00000000a3800000)
 Metaspace       used 72838K, committed 74432K, reserved 1179648K
  class space    used 7795K, committed 8512K, reserved 1048576K
}
Event: 265.020 GC heap after
{Heap after GC invocations=479 (full 3):
 PSYoungGen      total 4608K, used 320K [0x00000000d5580000, 0x00000000d5a80000, 0x0000000100000000)
  eden space 3584K, 0% used [0x00000000d5580000,0x00000000d5580000,0x00000000d5900000)
  from space 1024K, 31% used [0x00000000d5980000,0x00000000d59d0000,0x00000000d5a80000)
  to   space 512K, 0% used [0x00000000d5900000,0x00000000d5900000,0x00000000d5980000)
 ParOldGen       total 582144K, used 581736K [0x0000000080000000, 0x00000000a3880000, 0x00000000d5580000)
  object space 582144K, 99% used [0x0000000080000000,0x00000000a381a360,0x00000000a3880000)
 Metaspace       used 72838K, committed 74432K, reserved 1179648K
  class space    used 7795K, committed 8512K, reserved 1048576K
}

Dll operation events (14 events):
Event: 0.015 Loaded shared library c:\Users\MSI CYBORG\.vscode\extensions\redhat.java-1.46.0-win32-x64\jre\21.0.8-win32-x86_64\bin\java.dll
Event: 0.103 Loaded shared library c:\Users\MSI CYBORG\.vscode\extensions\redhat.java-1.46.0-win32-x64\jre\21.0.8-win32-x86_64\bin\zip.dll
Event: 0.134 Loaded shared library C:\Users\MSI CYBORG\.vscode\extensions\redhat.java-1.46.0-win32-x64\jre\21.0.8-win32-x86_64\bin\instrument.dll
Event: 0.144 Loaded shared library C:\Users\MSI CYBORG\.vscode\extensions\redhat.java-1.46.0-win32-x64\jre\21.0.8-win32-x86_64\bin\net.dll
Event: 0.150 Loaded shared library C:\Users\MSI CYBORG\.vscode\extensions\redhat.java-1.46.0-win32-x64\jre\21.0.8-win32-x86_64\bin\nio.dll
Event: 0.156 Loaded shared library C:\Users\MSI CYBORG\.vscode\extensions\redhat.java-1.46.0-win32-x64\jre\21.0.8-win32-x86_64\bin\zip.dll
Event: 0.193 Loaded shared library C:\Users\MSI CYBORG\.vscode\extensions\redhat.java-1.46.0-win32-x64\jre\21.0.8-win32-x86_64\bin\jimage.dll
Event: 0.425 Loaded shared library c:\Users\MSI CYBORG\.vscode\extensions\redhat.java-1.46.0-win32-x64\jre\21.0.8-win32-x86_64\bin\verify.dll
Event: 2.743 Loaded shared library C:\Users\MSI CYBORG\AppData\Roaming\Code\User\globalStorage\redhat.java\1.46.0\config_win\org.eclipse.equinox.launcher\org.eclipse.equinox.launcher.win32.win32.x86_64_1.2.1400.v20250801-0854\eclipse_11916.dll
Event: 4.421 Loaded shared library C:\Users\MSI CYBORG\.vscode\extensions\redhat.java-1.46.0-win32-x64\jre\21.0.8-win32-x86_64\bin\management.dll
Event: 4.425 Loaded shared library C:\Users\MSI CYBORG\.vscode\extensions\redhat.java-1.46.0-win32-x64\jre\21.0.8-win32-x86_64\bin\management_ext.dll
Event: 6.003 Loaded shared library C:\Users\MSI CYBORG\AppData\Local\Temp\jna-1067337749\jna4657214017881046130.dll
Event: 6.277 Loaded shared library C:\Users\MSI CYBORG\.vscode\extensions\redhat.java-1.46.0-win32-x64\jre\21.0.8-win32-x86_64\bin\sunmscapi.dll
Event: 6.626 Loaded shared library C:\Users\MSI CYBORG\.vscode\extensions\redhat.java-1.46.0-win32-x64\jre\21.0.8-win32-x86_64\bin\extnet.dll

Deoptimization events (20 events):
Event: 261.222 Thread 0x0000017eddaa6e90 DEOPT PACKING pc=0x0000017e901c7a78 sp=0x00000055128fdd50
Event: 261.222 Thread 0x0000017eddaa6e90 DEOPT UNPACKING pc=0x0000017e8f303aa2 sp=0x00000055128fdbf8 mode 2
Event: 261.888 Thread 0x0000017eddaa6e90 Uncommon trap: trap_request=0xffffff6e fr.pc=0x0000017e901c5da0 relative=0x00000000000000e0
Event: 261.888 Thread 0x0000017eddaa6e90 Uncommon trap: reason=loop_limit_check action=maybe_recompile pc=0x0000017e901c5da0 method=org.eclipse.jdt.internal.core.search.JavaSearchScope.normalize(Ljava/lang/String;)Ljava/lang/String; @ 16 c2
Event: 261.888 Thread 0x0000017eddaa6e90 DEOPT PACKING pc=0x0000017e901c5da0 sp=0x00000055128fd9e0
Event: 261.888 Thread 0x0000017eddaa6e90 DEOPT UNPACKING pc=0x0000017e8f303aa2 sp=0x00000055128fd970 mode 2
Event: 262.226 Thread 0x0000017ee62d8ed0 Uncommon trap: trap_request=0xffffffd6 fr.pc=0x0000017e901e742c relative=0x0000000000000d6c
Event: 262.226 Thread 0x0000017ee62d8ed0 Uncommon trap: reason=array_check action=maybe_recompile pc=0x0000017e901e742c method=com.google.gson.internal.GsonTypes$ParameterizedTypeImpl.<init>(Ljava/lang/reflect/Type;Ljava/lang/Class;[Ljava/lang/reflect/Type;)V @ 136 c2
Event: 262.226 Thread 0x0000017ee62d8ed0 DEOPT PACKING pc=0x0000017e901e742c sp=0x0000005511dfec70
Event: 262.226 Thread 0x0000017ee62d8ed0 DEOPT UNPACKING pc=0x0000017e8f303aa2 sp=0x0000005511dfeb50 mode 2
Event: 262.887 Thread 0x0000017ee62d8ed0 Uncommon trap: trap_request=0xffffffd6 fr.pc=0x0000017e901e742c relative=0x0000000000000d6c
Event: 262.887 Thread 0x0000017ee62d8ed0 Uncommon trap: reason=array_check action=maybe_recompile pc=0x0000017e901e742c method=com.google.gson.internal.GsonTypes$ParameterizedTypeImpl.<init>(Ljava/lang/reflect/Type;Ljava/lang/Class;[Ljava/lang/reflect/Type;)V @ 136 c2
Event: 262.887 Thread 0x0000017ee62d8ed0 DEOPT PACKING pc=0x0000017e901e742c sp=0x0000005511dfec70
Event: 262.887 Thread 0x0000017ee62d8ed0 DEOPT UNPACKING pc=0x0000017e8f303aa2 sp=0x0000005511dfeb50 mode 2
Event: 263.299 Thread 0x0000017ee62d8ed0 Uncommon trap: trap_request=0xffffffd6 fr.pc=0x0000017e901e742c relative=0x0000000000000d6c
Event: 263.299 Thread 0x0000017ee62d8ed0 Uncommon trap: reason=array_check action=maybe_recompile pc=0x0000017e901e742c method=com.google.gson.internal.GsonTypes$ParameterizedTypeImpl.<init>(Ljava/lang/reflect/Type;Ljava/lang/Class;[Ljava/lang/reflect/Type;)V @ 136 c2
Event: 263.299 Thread 0x0000017ee62d8ed0 DEOPT PACKING pc=0x0000017e901e742c sp=0x0000005511dfec70
Event: 263.299 Thread 0x0000017ee62d8ed0 DEOPT UNPACKING pc=0x0000017e8f303aa2 sp=0x0000005511dfeb50 mode 2
Event: 264.009 Thread 0x0000017eddaa7bb0 DEOPT PACKING pc=0x0000017e8926b486 sp=0x000000550d6fd600
Event: 264.009 Thread 0x0000017eddaa7bb0 DEOPT UNPACKING pc=0x0000017e8f304242 sp=0x000000550d6fcab0 mode 0

Classes loaded (20 events):
Event: 21.070 Loading class java/util/stream/Node$Builder$OfInt done
Event: 21.070 Loading class java/util/stream/Nodes$IntArrayNode
Event: 21.070 Loading class java/util/stream/Nodes$IntArrayNode done
Event: 21.070 Loading class java/util/stream/Nodes$IntFixedNodeBuilder done
Event: 21.070 Loading class java/util/stream/ReferencePipeline$4$1
Event: 21.130 Loading class java/util/stream/ReferencePipeline$4$1 done
Event: 187.633 Loading class java/util/stream/DistinctOps
Event: 187.634 Loading class java/util/stream/DistinctOps done
Event: 187.634 Loading class java/util/stream/DistinctOps$1
Event: 187.634 Loading class java/util/stream/DistinctOps$1 done
Event: 187.636 Loading class java/util/stream/DistinctOps$1$2
Event: 187.636 Loading class java/util/stream/DistinctOps$1$2 done
Event: 252.848 Loading class java/util/Spliterators$IntArraySpliterator
Event: 252.849 Loading class java/util/Spliterators$IntArraySpliterator done
Event: 257.640 Loading class java/util/LinkedList$LLSpliterator
Event: 257.643 Loading class java/util/LinkedList$LLSpliterator done
Event: 257.654 Loading class javax/xml/transform/TransformerConfigurationException
Event: 257.654 Loading class javax/xml/transform/TransformerConfigurationException done
Event: 258.198 Loading class jdk/internal/ref/CleanerImpl$InnocuousThreadFactory
Event: 258.199 Loading class jdk/internal/ref/CleanerImpl$InnocuousThreadFactory done

Classes unloaded (7 events):
Event: 5.187 Thread 0x0000017e84c2fab0 Unloading class 0x0000017e9d1b2800 'java/lang/invoke/LambdaForm$MH+0x0000017e9d1b2800'
Event: 5.187 Thread 0x0000017e84c2fab0 Unloading class 0x0000017e9d1b2400 'java/lang/invoke/LambdaForm$MH+0x0000017e9d1b2400'
Event: 5.187 Thread 0x0000017e84c2fab0 Unloading class 0x0000017e9d1b2000 'java/lang/invoke/LambdaForm$MH+0x0000017e9d1b2000'
Event: 5.187 Thread 0x0000017e84c2fab0 Unloading class 0x0000017e9d1b1c00 'java/lang/invoke/LambdaForm$MH+0x0000017e9d1b1c00'
Event: 5.187 Thread 0x0000017e84c2fab0 Unloading class 0x0000017e9d1b1800 'java/lang/invoke/LambdaForm$BMH+0x0000017e9d1b1800'
Event: 5.187 Thread 0x0000017e84c2fab0 Unloading class 0x0000017e9d1b1400 'java/lang/invoke/LambdaForm$DMH+0x0000017e9d1b1400'
Event: 5.187 Thread 0x0000017e84c2fab0 Unloading class 0x0000017e9d1b0000 'java/lang/invoke/LambdaForm$DMH+0x0000017e9d1b0000'

Classes redefined (0 events):
No events

Internal exceptions (20 events):
Event: 252.819 Thread 0x0000017ee62d8ed0 Exception <a 'java/lang/ArrayIndexOutOfBoundsException'{0x00000000d575bf30}: Index 323 out of bounds for length 323> (0x00000000d575bf30) 
thrown [s\src\hotspot\share\interpreter\interpreterRuntime.cpp, line 439]
Event: 253.621 Thread 0x0000017ee62d8ed0 Exception <a 'java/lang/ArrayIndexOutOfBoundsException'{0x00000000d569aca0}: Index 325 out of bounds for length 325> (0x00000000d569aca0) 
thrown [s\src\hotspot\share\interpreter\interpreterRuntime.cpp, line 439]
Event: 253.979 Thread 0x0000017ee62d8ed0 Exception <a 'java/lang/ArrayIndexOutOfBoundsException'{0x00000000d55d0210}: Index 326 out of bounds for length 326> (0x00000000d55d0210) 
thrown [s\src\hotspot\share\interpreter\interpreterRuntime.cpp, line 439]
Event: 254.105 Thread 0x0000017ee62d8ed0 Exception <a 'java/lang/ArrayIndexOutOfBoundsException'{0x00000000d5676190}: Index 327 out of bounds for length 327> (0x00000000d5676190) 
thrown [s\src\hotspot\share\interpreter\interpreterRuntime.cpp, line 439]
Event: 255.773 Thread 0x0000017ee62d8ed0 Exception <a 'java/lang/ArrayIndexOutOfBoundsException'{0x00000000d55a6170}: Index 328 out of bounds for length 328> (0x00000000d55a6170) 
thrown [s\src\hotspot\share\interpreter\interpreterRuntime.cpp, line 439]
Event: 256.185 Thread 0x0000017ee62d8ed0 Exception <a 'java/lang/ArrayIndexOutOfBoundsException'{0x00000000d56d69c8}: Index 329 out of bounds for length 329> (0x00000000d56d69c8) 
thrown [s\src\hotspot\share\interpreter\interpreterRuntime.cpp, line 439]
Event: 256.468 Thread 0x0000017ee62d8ed0 Exception <a 'java/lang/ArrayIndexOutOfBoundsException'{0x00000000d55c0b40}: Index 330 out of bounds for length 330> (0x00000000d55c0b40) 
thrown [s\src\hotspot\share\interpreter\interpreterRuntime.cpp, line 439]
Event: 256.773 Thread 0x0000017ee62d8ed0 Exception <a 'java/lang/ArrayIndexOutOfBoundsException'{0x00000000d567e0f0}: Index 331 out of bounds for length 331> (0x00000000d567e0f0) 
thrown [s\src\hotspot\share\interpreter\interpreterRuntime.cpp, line 439]
Event: 257.203 Thread 0x0000017ee62d8ed0 Exception <a 'java/lang/ArrayIndexOutOfBoundsException'{0x00000000d55ad848}: Index 332 out of bounds for length 332> (0x00000000d55ad848) 
thrown [s\src\hotspot\share\interpreter\interpreterRuntime.cpp, line 439]
Event: 257.294 Thread 0x0000017ee62d8ed0 Exception <a 'java/lang/ArrayIndexOutOfBoundsException'{0x00000000d5632d88}: Index 333 out of bounds for length 333> (0x00000000d5632d88) 
thrown [s\src\hotspot\share\interpreter\interpreterRuntime.cpp, line 439]
Event: 257.677 Thread 0x0000017eddaa4730 Implicit null exception at 0x0000017e9004764a to 0x0000017e90049fe0
Event: 257.691 Thread 0x0000017eddaa4730 Implicit null exception at 0x0000017e900dbfe5 to 0x0000017e900dcf08
Event: 259.481 Thread 0x0000017eddaa4730 Exception <a 'java/lang/ArrayIndexOutOfBoundsException'{0x00000000d57a87f0}: Index 333 out of bounds for length 333> (0x00000000d57a87f0) 
thrown [s\src\hotspot\share\interpreter\interpreterRuntime.cpp, line 439]
Event: 260.010 Thread 0x0000017eddaa4730 Exception <a 'java/lang/ArrayIndexOutOfBoundsException'{0x00000000d56af000}: Index 333 out of bounds for length 333> (0x00000000d56af000) 
thrown [s\src\hotspot\share\interpreter\interpreterRuntime.cpp, line 439]
Event: 260.873 Thread 0x0000017ee62d8ed0 Exception <a 'java/lang/ArrayIndexOutOfBoundsException'{0x00000000d59642d8}> (0x00000000d59642d8) 
thrown [s\src\hotspot\share\runtime\sharedRuntime.cpp, line 625]
Event: 260.882 Thread 0x0000017ee62d8ed0 Exception <a 'java/lang/ArrayIndexOutOfBoundsException'{0x00000000d563f038}> (0x00000000d563f038) 
thrown [s\src\hotspot\share\runtime\sharedRuntime.cpp, line 625]
Event: 261.885 Thread 0x0000017eddaa6e90 Exception <a 'java/lang/ArrayIndexOutOfBoundsException'{0x00000000d558b2a8}> (0x00000000d558b2a8) 
thrown [s\src\hotspot\share\runtime\sharedRuntime.cpp, line 625]
Event: 262.229 Thread 0x0000017eddaa6e90 Exception <a 'java/lang/ArrayIndexOutOfBoundsException'{0x00000000d55b06f0}> (0x00000000d55b06f0) 
thrown [s\src\hotspot\share\runtime\sharedRuntime.cpp, line 625]
Event: 262.890 Thread 0x0000017ee62da280 Exception <a 'java/lang/ArrayIndexOutOfBoundsException'{0x00000000d5614f90}> (0x00000000d5614f90) 
thrown [s\src\hotspot\share\runtime\sharedRuntime.cpp, line 625]
Event: 263.300 Thread 0x0000017ee62da280 Exception <a 'java/lang/ArrayIndexOutOfBoundsException'{0x00000000d5647af8}> (0x00000000d5647af8) 
thrown [s\src\hotspot\share\runtime\sharedRuntime.cpp, line 625]

ZGC Phase Switch (0 events):
No events

VM Operations (20 events):
Event: 262.900 Executing VM operation: ParallelGCFailedAllocation (Allocation Failure) done
Event: 262.902 Executing VM operation: ParallelGCFailedAllocation (Allocation Failure)
Event: 262.904 Executing VM operation: ParallelGCFailedAllocation (Allocation Failure) done
Event: 262.911 Executing VM operation: ParallelGCFailedAllocation (Allocation Failure)
Event: 262.912 Executing VM operation: ParallelGCFailedAllocation (Allocation Failure) done
Event: 263.303 Executing VM operation: ParallelGCFailedAllocation (Allocation Failure)
Event: 263.304 Executing VM operation: ParallelGCFailedAllocation (Allocation Failure) done
Event: 263.306 Executing VM operation: ParallelGCFailedAllocation (Allocation Failure)
Event: 263.307 Executing VM operation: ParallelGCFailedAllocation (Allocation Failure) done
Event: 263.309 Executing VM operation: ParallelGCFailedAllocation (Allocation Failure)
Event: 263.311 Executing VM operation: ParallelGCFailedAllocation (Allocation Failure) done
Event: 263.317 Executing VM operation: ParallelGCFailedAllocation (Allocation Failure)
Event: 263.318 Executing VM operation: ParallelGCFailedAllocation (Allocation Failure) done
Event: 263.947 Executing VM operation: ParallelGCFailedAllocation (Allocation Failure)
Event: 263.948 Executing VM operation: ParallelGCFailedAllocation (Allocation Failure) done
Event: 263.955 Executing VM operation: ParallelGCFailedAllocation (Allocation Failure)
Event: 263.956 Executing VM operation: ParallelGCFailedAllocation (Allocation Failure) done
Event: 264.018 Executing VM operation: ParallelGCFailedAllocation (Allocation Failure)
Event: 265.020 Executing VM operation: ParallelGCFailedAllocation (Allocation Failure) done
Event: 266.020 Executing VM operation: Cleanup

Memory protections (0 events):
No events

Nmethod flushes (20 events):
Event: 11.943 Thread 0x0000017e84c2fab0 flushing osr nmethod 0x0000017e88624190
Event: 11.943 Thread 0x0000017e84c2fab0 flushing  nmethod 0x0000017e88628690
Event: 11.943 Thread 0x0000017e84c2fab0 flushing osr nmethod 0x0000017e88667410
Event: 11.943 Thread 0x0000017e84c2fab0 flushing  nmethod 0x0000017e88675910
Event: 11.943 Thread 0x0000017e84c2fab0 flushing  nmethod 0x0000017e88676810
Event: 11.943 Thread 0x0000017e84c2fab0 flushing  nmethod 0x0000017e88680410
Event: 11.943 Thread 0x0000017e84c2fab0 flushing  nmethod 0x0000017e8868b510
Event: 11.943 Thread 0x0000017e84c2fab0 flushing  nmethod 0x0000017e8869f510
Event: 11.943 Thread 0x0000017e84c2fab0 flushing  nmethod 0x0000017e886ad990
Event: 11.943 Thread 0x0000017e84c2fab0 flushing  nmethod 0x0000017e886b1690
Event: 11.943 Thread 0x0000017e84c2fab0 flushing  nmethod 0x0000017e886b5710
Event: 11.943 Thread 0x0000017e84c2fab0 flushing  nmethod 0x0000017e886baf10
Event: 11.943 Thread 0x0000017e84c2fab0 flushing  nmethod 0x0000017e886bbb10
Event: 11.943 Thread 0x0000017e84c2fab0 flushing  nmethod 0x0000017e886bbf90
Event: 11.943 Thread 0x0000017e84c2fab0 flushing  nmethod 0x0000017e886be310
Event: 11.943 Thread 0x0000017e84c2fab0 flushing  nmethod 0x0000017e886c8290
Event: 11.943 Thread 0x0000017e84c2fab0 flushing  nmethod 0x0000017e886d6890
Event: 11.943 Thread 0x0000017e84c2fab0 flushing  nmethod 0x0000017e886dee90
Event: 11.943 Thread 0x0000017e84c2fab0 flushing  nmethod 0x0000017e88709f10
Event: 11.943 Thread 0x0000017e84c2fab0 flushing  nmethod 0x0000017e88772390

Events (20 events):
Event: 254.893 Thread 0x0000017ee493f3b0 Thread exited: 0x0000017ee493f3b0
Event: 258.199 Thread 0x0000017eddaa4730 Thread added: 0x0000017eddaa95f0
Event: 258.914 Thread 0x0000017edd8cb6c0 Thread added: 0x0000017ee493f3b0
Event: 259.313 Thread 0x0000017ee493f3b0 Thread exited: 0x0000017ee493f3b0
Event: 260.025 Thread 0x0000017edd8cb6c0 Thread added: 0x0000017ee4940150
Event: 260.027 Thread 0x0000017edd8cb6c0 Thread added: 0x0000017ee493f3b0
Event: 260.858 Thread 0x0000017ee493f3b0 Thread exited: 0x0000017ee493f3b0
Event: 260.858 Thread 0x0000017ee4940150 Thread exited: 0x0000017ee4940150
Event: 260.918 Thread 0x0000017edd8cb6c0 Thread added: 0x0000017ee493f3b0
Event: 261.111 Thread 0x0000017ee493f3b0 Thread exited: 0x0000017ee493f3b0
Event: 261.330 Thread 0x0000017eddaa8f60 Thread added: 0x0000017eddaaa9a0
Event: 261.901 Thread 0x0000017edd8cb6c0 Thread added: 0x0000017ee493f3b0
Event: 262.170 Thread 0x0000017ee493f3b0 Thread exited: 0x0000017ee493f3b0
Event: 262.242 Thread 0x0000017edd8cb6c0 Thread added: 0x0000017ee493f3b0
Event: 262.244 Thread 0x0000017edd8cb6c0 Thread added: 0x0000017ee4940150
Event: 262.436 Thread 0x0000017ee4940150 Thread exited: 0x0000017ee4940150
Event: 262.443 Thread 0x0000017ee493f3b0 Thread exited: 0x0000017ee493f3b0
Event: 262.905 Thread 0x0000017edd8cb6c0 Thread added: 0x0000017ee4940150
Event: 263.945 Thread 0x0000017ee4940150 Thread exited: 0x0000017ee4940150
Event: 264.009 Thread 0x0000017edd8cb6c0 Thread added: 0x0000017ee493f3b0


Dynamic libraries:
0x00007ff62d7e0000 - 0x00007ff62d7ee000 	c:\Users\MSI CYBORG\.vscode\extensions\redhat.java-1.46.0-win32-x64\jre\21.0.8-win32-x86_64\bin\java.exe
0x00007fff37300000 - 0x00007fff37568000 	C:\WINDOWS\SYSTEM32\ntdll.dll
0x00007fff35940000 - 0x00007fff35a09000 	C:\WINDOWS\System32\KERNEL32.DLL
0x00007fff34a00000 - 0x00007fff34df2000 	C:\WINDOWS\System32\KERNELBASE.dll
0x00007fff34490000 - 0x00007fff345db000 	C:\WINDOWS\System32\ucrtbase.dll
0x00007fff1a820000 - 0x00007fff1a838000 	c:\Users\MSI CYBORG\.vscode\extensions\redhat.java-1.46.0-win32-x64\jre\21.0.8-win32-x86_64\bin\jli.dll
0x00007fff370f0000 - 0x00007fff372b5000 	C:\WINDOWS\System32\USER32.dll
0x00007fff34800000 - 0x00007fff34827000 	C:\WINDOWS\System32\win32u.dll
0x00007fff36230000 - 0x00007fff3625b000 	C:\WINDOWS\System32\GDI32.dll
0x00007fff348d0000 - 0x00007fff349fd000 	C:\WINDOWS\System32\gdi32full.dll
0x00007fff1aae0000 - 0x00007fff1aafe000 	c:\Users\MSI CYBORG\.vscode\extensions\redhat.java-1.46.0-win32-x64\jre\21.0.8-win32-x86_64\bin\VCRUNTIME140.dll
0x00007fff17080000 - 0x00007fff17313000 	C:\WINDOWS\WinSxS\amd64_microsoft.windows.common-controls_6595b64144ccf1df_6.0.26100.6725_none_3e085828e334708b\COMCTL32.dll
0x00007fff36ad0000 - 0x00007fff36b79000 	C:\WINDOWS\System32\msvcrt.dll
0x00007fff34750000 - 0x00007fff347f3000 	C:\WINDOWS\System32\msvcp_win.dll
0x00007fff36180000 - 0x00007fff361af000 	C:\WINDOWS\System32\IMM32.DLL
0x00007fff27660000 - 0x00007fff2766c000 	c:\Users\MSI CYBORG\.vscode\extensions\redhat.java-1.46.0-win32-x64\jre\21.0.8-win32-x86_64\bin\vcruntime140_1.dll
0x00007ffed8a00000 - 0x00007ffed8a8d000 	c:\Users\MSI CYBORG\.vscode\extensions\redhat.java-1.46.0-win32-x64\jre\21.0.8-win32-x86_64\bin\msvcp140.dll
0x00007ffe431f0000 - 0x00007ffe43f87000 	c:\Users\MSI CYBORG\.vscode\extensions\redhat.java-1.46.0-win32-x64\jre\21.0.8-win32-x86_64\bin\server\jvm.dll
0x00007fff36010000 - 0x00007fff360c4000 	C:\WINDOWS\System32\ADVAPI32.dll
0x00007fff35840000 - 0x00007fff358e6000 	C:\WINDOWS\System32\sechost.dll
0x00007fff35a10000 - 0x00007fff35b28000 	C:\WINDOWS\System32\RPCRT4.dll
0x00007fff360f0000 - 0x00007fff36164000 	C:\WINDOWS\System32\WS2_32.dll
0x00007fff33990000 - 0x00007fff339ee000 	C:\WINDOWS\SYSTEM32\POWRPROF.dll
0x00007fff24460000 - 0x00007fff24495000 	C:\WINDOWS\SYSTEM32\WINMM.dll
0x00007fff2b3c0000 - 0x00007fff2b3cb000 	C:\WINDOWS\SYSTEM32\VERSION.dll
0x00007fff33970000 - 0x00007fff33984000 	C:\WINDOWS\SYSTEM32\UMPDC.dll
0x00007fff33260000 - 0x00007fff3327b000 	C:\WINDOWS\SYSTEM32\kernel.appcore.dll
0x00007fff275f0000 - 0x00007fff275fa000 	c:\Users\MSI CYBORG\.vscode\extensions\redhat.java-1.46.0-win32-x64\jre\21.0.8-win32-x86_64\bin\jimage.dll
0x00007fff31af0000 - 0x00007fff31d32000 	C:\WINDOWS\SYSTEM32\DBGHELP.DLL
0x00007fff36d20000 - 0x00007fff3709b000 	C:\WINDOWS\System32\combase.dll
0x00007fff35f30000 - 0x00007fff36007000 	C:\WINDOWS\System32\OLEAUT32.dll
0x00007fff125f0000 - 0x00007fff1262c000 	C:\WINDOWS\SYSTEM32\dbgcore.DLL
0x00007fff34830000 - 0x00007fff348c8000 	C:\WINDOWS\System32\bcryptPrimitives.dll
0x00007fff27590000 - 0x00007fff2759f000 	c:\Users\MSI CYBORG\.vscode\extensions\redhat.java-1.46.0-win32-x64\jre\21.0.8-win32-x86_64\bin\instrument.dll
0x00007fff17670000 - 0x00007fff1768f000 	c:\Users\MSI CYBORG\.vscode\extensions\redhat.java-1.46.0-win32-x64\jre\21.0.8-win32-x86_64\bin\java.dll
0x00007fff36260000 - 0x00007fff369ac000 	C:\WINDOWS\System32\SHELL32.dll
0x00007fff345e0000 - 0x00007fff3474b000 	C:\WINDOWS\System32\wintypes.dll
0x00007fff320c0000 - 0x00007fff3291d000 	C:\WINDOWS\SYSTEM32\windows.storage.dll
0x00007fff35740000 - 0x00007fff35832000 	C:\WINDOWS\System32\SHCORE.dll
0x00007fff361c0000 - 0x00007fff36222000 	C:\WINDOWS\System32\shlwapi.dll
0x00007fff343b0000 - 0x00007fff343d9000 	C:\WINDOWS\SYSTEM32\profapi.dll
0x00007fff13330000 - 0x00007fff13348000 	c:\Users\MSI CYBORG\.vscode\extensions\redhat.java-1.46.0-win32-x64\jre\21.0.8-win32-x86_64\bin\zip.dll
0x00007fff268b0000 - 0x00007fff268c0000 	C:\Users\MSI CYBORG\.vscode\extensions\redhat.java-1.46.0-win32-x64\jre\21.0.8-win32-x86_64\bin\net.dll
0x00007fff2d640000 - 0x00007fff2d75f000 	C:\WINDOWS\SYSTEM32\WINHTTP.dll
0x00007fff33840000 - 0x00007fff338ab000 	C:\WINDOWS\system32\mswsock.dll
0x00007fff130b0000 - 0x00007fff130c6000 	C:\Users\MSI CYBORG\.vscode\extensions\redhat.java-1.46.0-win32-x64\jre\21.0.8-win32-x86_64\bin\nio.dll
0x00007fff26740000 - 0x00007fff26750000 	c:\Users\MSI CYBORG\.vscode\extensions\redhat.java-1.46.0-win32-x64\jre\21.0.8-win32-x86_64\bin\verify.dll
0x00007fff00c90000 - 0x00007fff00cd4000 	C:\Users\MSI CYBORG\AppData\Roaming\Code\User\globalStorage\redhat.java\1.46.0\config_win\org.eclipse.equinox.launcher\org.eclipse.equinox.launcher.win32.win32.x86_64_1.2.1400.v20250801-0854\eclipse_11916.dll
0x00007fff35d10000 - 0x00007fff35ea8000 	C:\WINDOWS\System32\ole32.dll
0x00007fff2c0a0000 - 0x00007fff2c0aa000 	C:\Users\MSI CYBORG\.vscode\extensions\redhat.java-1.46.0-win32-x64\jre\21.0.8-win32-x86_64\bin\management.dll
0x00007fff27790000 - 0x00007fff2779b000 	C:\Users\MSI CYBORG\.vscode\extensions\redhat.java-1.46.0-win32-x64\jre\21.0.8-win32-x86_64\bin\management_ext.dll
0x00007fff36170000 - 0x00007fff36178000 	C:\WINDOWS\System32\PSAPI.DLL
0x00007fff33ba0000 - 0x00007fff33bbb000 	C:\WINDOWS\SYSTEM32\CRYPTSP.dll
0x00007fff331c0000 - 0x00007fff331fb000 	C:\WINDOWS\system32\rsaenh.dll
0x00007fff338e0000 - 0x00007fff3390b000 	C:\WINDOWS\SYSTEM32\USERENV.dll
0x00007fff34380000 - 0x00007fff343a6000 	C:\WINDOWS\SYSTEM32\bcrypt.dll
0x00007fff33bc0000 - 0x00007fff33bcc000 	C:\WINDOWS\SYSTEM32\CRYPTBASE.dll
0x00007fff32cb0000 - 0x00007fff32ce4000 	C:\WINDOWS\SYSTEM32\IPHLPAPI.DLL
0x00007fff36d10000 - 0x00007fff36d1a000 	C:\WINDOWS\System32\NSI.dll
0x00007ffedd320000 - 0x00007ffedd369000 	C:\Users\MSI CYBORG\AppData\Local\Temp\jna-1067337749\jna4657214017881046130.dll
0x00007fff2d7a0000 - 0x00007fff2d7be000 	C:\WINDOWS\SYSTEM32\dhcpcsvc6.DLL
0x00007fff2d770000 - 0x00007fff2d793000 	C:\WINDOWS\SYSTEM32\dhcpcsvc.DLL
0x00007fff1c2c0000 - 0x00007fff1c2ce000 	C:\Users\MSI CYBORG\.vscode\extensions\redhat.java-1.46.0-win32-x64\jre\21.0.8-win32-x86_64\bin\sunmscapi.dll
0x00007fff34f50000 - 0x00007fff350c7000 	C:\WINDOWS\System32\CRYPT32.dll
0x00007fff33dc0000 - 0x00007fff33df0000 	C:\WINDOWS\SYSTEM32\ncrypt.dll
0x00007fff33d70000 - 0x00007fff33daf000 	C:\WINDOWS\SYSTEM32\NTASN1.dll
0x00007fff32d50000 - 0x00007fff32e76000 	C:\WINDOWS\SYSTEM32\DNSAPI.dll
0x00007fff2cfd0000 - 0x00007fff2cfdb000 	C:\Windows\System32\rasadhlp.dll
0x00007fff276e0000 - 0x00007fff276e9000 	C:\Users\MSI CYBORG\.vscode\extensions\redhat.java-1.46.0-win32-x64\jre\21.0.8-win32-x86_64\bin\extnet.dll

JVMTI agents:
c:\Users\MSI CYBORG\.vscode\extensions\redhat.java-1.46.0-win32-x64\lombok\lombok-1.18.39-4050.jar path:c:\Users\MSI CYBORG\.vscode\extensions\redhat.java-1.46.0-win32-x64\jre\21.0.8-win32-x86_64\bin\instrument.dll, loaded, initialized, instrumentlib options:none

dbghelp: loaded successfully - version: 4.0.5 - missing functions: none
symbol engine: initialized successfully - sym options: 0x614 - pdb path: .;c:\Users\MSI CYBORG\.vscode\extensions\redhat.java-1.46.0-win32-x64\jre\21.0.8-win32-x86_64\bin;C:\WINDOWS\SYSTEM32;C:\WINDOWS\WinSxS\amd64_microsoft.windows.common-controls_6595b64144ccf1df_6.0.26100.6725_none_3e085828e334708b;c:\Users\MSI CYBORG\.vscode\extensions\redhat.java-1.46.0-win32-x64\jre\21.0.8-win32-x86_64\bin\server;C:\Users\MSI CYBORG\AppData\Roaming\Code\User\globalStorage\redhat.java\1.46.0\config_win\org.eclipse.equinox.launcher\org.eclipse.equinox.launcher.win32.win32.x86_64_1.2.1400.v20250801-0854;C:\Users\MSI CYBORG\AppData\Local\Temp\jna-1067337749

VM Arguments:
jvm_args: --add-modules=ALL-SYSTEM --add-opens=java.base/java.util=ALL-UNNAMED --add-opens=java.base/java.lang=ALL-UNNAMED --add-opens=java.base/sun.nio.fs=ALL-UNNAMED -Declipse.application=org.eclipse.jdt.ls.core.id1 -Dosgi.bundles.defaultStartLevel=4 -Declipse.product=org.eclipse.jdt.ls.core.product -Djava.import.generatesMetadataFilesAtProjectRoot=false -DDetectVMInstallationsJob.disabled=true -Dfile.encoding=utf8 -XX:+UseParallelGC -XX:GCTimeRatio=4 -XX:AdaptiveSizePolicyWeight=90 -Dsun.zip.disableMemoryMapping=true -Xmx2G -Xms100m -Xlog:disable -javaagent:c:\Users\MSI CYBORG\.vscode\extensions\redhat.java-1.46.0-win32-x64\lombok\lombok-1.18.39-4050.jar -XX:+HeapDumpOnOutOfMemoryError -XX:HeapDumpPath=c:\Users\MSI CYBORG\AppData\Roaming\Code\User\workspaceStorage\23c5a8be6171e99b7d2de622072fb3cc\redhat.java -Daether.dependencyCollector.impl=bf 
java_command: c:\Users\MSI CYBORG\.vscode\extensions\redhat.java-1.46.0-win32-x64\server\plugins\org.eclipse.equinox.launcher_1.7.0.v20250519-0528.jar -configuration c:\Users\MSI CYBORG\AppData\Roaming\Code\User\globalStorage\redhat.java\1.46.0\config_win -data c:\Users\MSI CYBORG\AppData\Roaming\Code\User\workspaceStorage\23c5a8be6171e99b7d2de622072fb3cc\redhat.java\jdt_ws --pipe=\\.\pipe\lsp-fbc51b5d0162a476f9d7145a903d30fd-sock
java_class_path (initial): c:\Users\MSI CYBORG\.vscode\extensions\redhat.java-1.46.0-win32-x64\server\plugins\org.eclipse.equinox.launcher_1.7.0.v20250519-0528.jar
Launcher Type: SUN_STANDARD

[Global flags]
    uintx AdaptiveSizePolicyWeight                 = 90                                        {product} {command line}
     intx CICompilerCount                          = 4                                         {product} {ergonomic}
    uintx GCTimeRatio                              = 4                                         {product} {command line}
     bool HeapDumpOnOutOfMemoryError               = true                                   {manageable} {command line}
    ccstr HeapDumpPath                             = c:\Users\MSI CYBORG\AppData\Roaming\Code\User\workspaceStorage\23c5a8be6171e99b7d2de622072fb3cc\redhat.java         {manageable} {command line}
   size_t InitialHeapSize                          = 104857600                                 {product} {command line}
   size_t MaxHeapSize                              = 2147483648                                {product} {command line}
   size_t MaxNewSize                               = 715653120                                 {product} {ergonomic}
   size_t MinHeapDeltaBytes                        = 524288                                    {product} {ergonomic}
   size_t MinHeapSize                              = 104857600                                 {product} {command line}
   size_t NewSize                                  = 34603008                                  {product} {ergonomic}
    uintx NonNMethodCodeHeapSize                   = 5839372                                {pd product} {ergonomic}
    uintx NonProfiledCodeHeapSize                  = 122909434                              {pd product} {ergonomic}
   size_t OldSize                                  = 70254592                                  {product} {ergonomic}
    uintx ProfiledCodeHeapSize                     = 122909434                              {pd product} {ergonomic}
    uintx ReservedCodeCacheSize                    = 251658240                              {pd product} {ergonomic}
     bool SegmentedCodeCache                       = true                                      {product} {ergonomic}
   size_t SoftMaxHeapSize                          = 2147483648                             {manageable} {ergonomic}
     bool UseCompressedOops                        = true                           {product lp64_product} {ergonomic}
     bool UseLargePagesIndividualAllocation        = false                                  {pd product} {ergonomic}
     bool UseParallelGC                            = true                                      {product} {command line}

Logging:
Log output configuration:
 #0: stdout all=off uptime,level,tags foldmultilines=false
 #1: stderr all=off uptime,level,tags foldmultilines=false

Environment Variables:
JAVA_HOME=C:\Program Files\Java\jdk-23_windows-x64_bin\jdk-23.0.2
PATH=C:\Program Files\Eclipse Adoptium\jdk-21.0.6.7-hotspot\bin;C:\Program Files (x86)\Common Files\Oracle\Java\javapath;C:\Windows\system32;C:\Windows;C:\Windows\System32\Wbem;C:\Windows\System32\WindowsPowerShell\v1.0\;C:\Windows\System32\OpenSSH\;C:\Program Files (x86)\NVIDIA Corporation\PhysX\Common;C:\MinGW\bin;C:\Program Files\dotnet\;C:\Program Files\Git\cmd;C:\Program Files\nodejs\;C:\ProgramData\chocolatey\bin;C:\Program Files\Microchip\xc8\v2.50\bin;C:\Program Files\NVIDIA Corporation\NVIDIA app\NvDLISR;C:\WINDOWS\system32;C:\WINDOWS;C:\WINDOWS\System32\Wbem;C:\WINDOWS\System32\WindowsPowerShell\v1.0\;C:\WINDOWS\System32\OpenSSH\;C:\Program Files\Java\jdk-23_windows-x64_bin;;C:\Program Files\Docker\Docker\resources\bin;C:\Users\MSI CYBORG\AppData\Local\Programs\Python\Launcher\;C:\Users\MSI CYBORG\AppData\Local\Microsoft\WindowsApps;D:\Microsoft VS Code\bin;D:\pycharm\PyCharm Community Edition 2023.2.3\bin;;C:\Users\MSI CYBORG\AppData\Roaming\npm;D:\ComfyUI\ComfyUI_windows_portable\python_embeded\Scripts;D:\IntelliJ IDEA 2024.3.4.1\bin;;D:\COD\cursor\resources\app\bin;C:\Users\MSI CYBORG\AppData\Local\GitHubDesktop\bin
USERNAME=MSI CYBORG
OS=Windows_NT
PROCESSOR_IDENTIFIER=Intel64 Family 6 Model 154 Stepping 3, GenuineIntel
TMP=C:\Users\MSICYB~1\AppData\Local\Temp
TEMP=C:\Users\MSICYB~1\AppData\Local\Temp




Periodic native trim disabled

---------------  S Y S T E M  ---------------

OS:
 Windows 11 , 64 bit Build 26100 (10.0.26100.6725)
OS uptime: 0 days 17:21 hours
Hyper-V role detected

CPU: total 12 (initial active 12) (6 cores per cpu, 2 threads per core) family 6 model 154 stepping 3 microcode 0x424, cx8, cmov, fxsr, ht, mmx, 3dnowpref, sse, sse2, sse3, ssse3, sse4.1, sse4.2, popcnt, lzcnt, tsc, tscinvbit, avx, avx2, aes, erms, clmul, bmi1, bmi2, adx, sha, fma, vzeroupper, clflush, clflushopt, clwb, hv, serialize, rdtscp, rdpid, fsrm, f16c, cet_ibt, cet_ss
Processor Information for processor 0
  Max Mhz: 2000, Current Mhz: 2000, Mhz Limit: 2000
Processor Information for processor 1
  Max Mhz: 2000, Current Mhz: 2000, Mhz Limit: 2000
Processor Information for processor 2
  Max Mhz: 2000, Current Mhz: 2000, Mhz Limit: 2000
Processor Information for processor 3
  Max Mhz: 2000, Current Mhz: 2000, Mhz Limit: 2000
Processor Information for processor 4
  Max Mhz: 2000, Current Mhz: 2000, Mhz Limit: 2000
Processor Information for processor 5
  Max Mhz: 2000, Current Mhz: 2000, Mhz Limit: 2000
Processor Information for processor 6
  Max Mhz: 2000, Current Mhz: 2000, Mhz Limit: 2000
Processor Information for processor 7
  Max Mhz: 2000, Current Mhz: 2000, Mhz Limit: 2000
Processor Information for processor 8
  Max Mhz: 2000, Current Mhz: 1466, Mhz Limit: 2000
Processor Information for processor 9
  Max Mhz: 2000, Current Mhz: 2000, Mhz Limit: 2000
Processor Information for processor 10
  Max Mhz: 2000, Current Mhz: 2000, Mhz Limit: 2000
Processor Information for processor 11
  Max Mhz: 2000, Current Mhz: 1466, Mhz Limit: 2000

Memory: 4k page, system-wide physical 16087M (843M free)
TotalPageFile size 28375M (AvailPageFile size 35M)
current process WorkingSet (physical memory assigned to process): 931M, peak: 935M
current process commit charge ("private bytes"): 880M, peak: 885M

vm_info: OpenJDK 64-Bit Server VM (21.0.8+9-LTS) for windows-amd64 JRE (21.0.8+9-LTS), built on 2025-07-15T00:00:00Z by "admin" with MS VC++ 17.7 (VS2022)

END.
